<?xml version="1.0" encoding="UTF-8" standalone="no"?>
<testsuite failures="0" name="cucumber.runtime.formatter.JUnitFormatter" skipped="1" tests="1" time="0.159203">
<testcase classname="cash withdrawal" name="successful withdrawal from account in credit" time="0.159203">
<skipped><![CDATA[Given I have deposited $100.00 in my account................................passed
When I withdraw $20.........................................................pending
Then $20 should be dispensed................................................skipped
]]></skipped>
</testcase>
</testsuite>
